<?xml version="1.0" encoding="UTF-8"?>
<!-- Generated by org.testng.reporters.JUnitReportReporter -->
<testsuite hostname="DESKTOP-BIUCLJH" failures="0" tests="2" name="testng.TestSortAlgoDynamic" time="0.012" errors="0" timestamp="2022-09-02T11:10:29 WIB" skipped="0">
  <testcase classname="testng.TestSortAlgoDynamic" name="testPertama" time="0.001"/>
  <system-out/>
  <testcase classname="testng.TestSortAlgoDynamic" name="testKedua" time="0.011"/>
  <system-out/>
</testsuite> <!-- testng.TestSortAlgoDynamic -->
